
@----------------------------------------------------------@
|        PLINK!       |     v1.07      |   10/Aug/2009     |
|----------------------------------------------------------|
|  (C) 2009 Shaun Purcell, GNU General Public License, v2  |
|----------------------------------------------------------|
|  For documentation, citation & bug-report instructions:  |
|        http://pngu.mgh.harvard.edu/purcell/plink/        |
@----------------------------------------------------------@

Skipping web check... [ --noweb ] 
Writing this text to log file [ lab_plink.log ]
Analysis started: Tue Nov  8 10:59:50 2016

Options in effect:
	--noweb
	--dosage ./lab_beagle.dataset.chr15_region.bgl.gprobs.mod
	  format=3
	--fam /home/gems/m21-5483/lab_imp/fam_lab_beagle.fam
	--out lab_plink

Reading pedigree information from [ /home/gems/m21-5483/lab_imp/fam_lab_beagle.fam ] 
94 individuals read from [ /home/gems/m21-5483/lab_imp/fam_lab_beagle.fam ] 
94 individuals with nonmissing phenotypes
Assuming a disease phenotype (1=unaff, 2=aff, 0=miss)
Missing phenotype value is also -9
32 cases, 62 controls and 0 missing
65 males, 29 females, and 0 of unspecified sex

Reading dosage information from [ ./lab_beagle.dataset.chr15_region.bgl.gprobs.mod ]
Format set to three genotype probabilities
Writing results to [ lab_plink.assoc.dosage ]
Matched to 94 of 94 individuals in [ ./lab_beagle.dataset.chr15_region.bgl.gprobs.mod ]

Analysis finished: Tue Nov  8 10:59:50 2016

